<?xml version="1.0" encoding="UTF-8" ?>
<testsuite errors="1" failures="0" hostname="pepperserver" name="net.sourceforge.tess4j.Tesseract1Test" skipped="0" tests="1" time="0.0" timestamp="2017-08-22T02:11:29">
  <properties>
[...]
</properties>
  <error message="org/slf4j/bridge/SLF4JBridgeHandler" type="java.lang.NoClassDefFoundError">java.lang.NoClassDefFoundError: org/slf4j/bridge/SLF4JBridgeHandler
	at net.sourceforge.tess4j.util.LoggerConfig.loadConfig(Unknown Source)
	at net.sourceforge.tess4j.util.LoggHelper.toString(Unknown Source)
	at net.sourceforge.tess4j.Tesseract1Test.&lt;clinit&gt;(Tesseract1Test.java:52)
	at java.lang.Class.forName0(Native Method)
	at java.lang.Class.forName(Class.java:195)
Caused by: java.lang.ClassNotFoundException: org.slf4j.bridge.SLF4JBridgeHandler
	at java.net.URLClassLoader$1.run(URLClassLoader.java:366)
	at java.net.URLClassLoader$1.run(URLClassLoader.java:355)
	at java.security.AccessController.doPrivileged(Native Method)
	at java.net.URLClassLoader.findClass(URLClassLoader.java:354)
	at java.lang.ClassLoader.loadClass(ClassLoader.java:425)
	at java.lang.ClassLoader.loadClass(ClassLoader.java:358)
</error>
  <system-out><![CDATA[]]></system-out>
  <system-err><![CDATA[]]></system-err>
</testsuite>
